<?xml version="1.0" encoding="UTF-8"?>
<!-- Generated by org.testng.reporters.JUnitReportReporter -->
<testsuite skipped="0" hostname="EPINHYDW0957" name="com.epam.put.PutTests" tests="1" failures="0" timestamp="20 Nov 2019 11:34:51 GMT" time="3.087" errors="0">
  <testcase name="updatePet" time="3.087" classname="com.epam.put.PutTests"/>
</testsuite> <!-- com.epam.put.PutTests -->
