<?xml version="1.0" encoding="UTF-8"?>
<!-- Generated by org.testng.reporters.JUnitReportReporter -->
<testsuite skipped="0" hostname="EPINHYDW0957" name="com.epam.get.GetTests" tests="1" failures="0" timestamp="21 Nov 2019 11:35:43 GMT" time="2.876" errors="0">
  <testcase name="getPetById" time="2.876" classname="com.epam.get.GetTests"/>
</testsuite> <!-- com.epam.get.GetTests -->
