<?xml version="1.0" encoding="UTF-8"?>
<!-- Generated by org.testng.reporters.JUnitReportReporter -->
<testsuite skipped="0" hostname="EPINHYDW0957" name="com.epam.delete.DeleteTests" tests="1" failures="0" timestamp="20 Nov 2019 10:42:21 GMT" time="3.090" errors="0">
  <testcase name="deletePetById" time="3.090" classname="com.epam.delete.DeleteTests"/>
</testsuite> <!-- com.epam.delete.DeleteTests -->
