<?xml version="1.0" encoding="UTF-8"?>
<!-- Generated by org.testng.reporters.JUnitReportReporter -->
<testsuite skipped="0" hostname="EPINHYDW0957" name="com.epam.headers.GetHeaders" tests="1" failures="0" timestamp="21 Nov 2019 09:39:36 GMT" time="2.646" errors="0">
  <testcase name="getPetById" time="2.646" classname="com.epam.headers.GetHeaders"/>
</testsuite> <!-- com.epam.headers.GetHeaders -->
