<?xml version="1.0" encoding="UTF-8"?>
<!-- Generated by org.testng.reporters.JUnitReportReporter -->
<testsuite skipped="0" hostname="EPINHYDW0957" name="com.epam.get.GetTests" tests="1" failures="0" timestamp="21 Nov 2019 09:07:33 GMT" time="3.054" errors="0">
  <testcase name="getPetsByStatus" time="3.054" classname="com.epam.get.GetTests"/>
</testsuite> <!-- com.epam.get.GetTests -->
