<?xml version="1.0" encoding="UTF-8"?>
<!-- Generated by org.testng.reporters.JUnitReportReporter -->
<testsuite skipped="0" hostname="EPINHYDW0957" name="com.epam.put.PutTests" tests="1" failures="0" timestamp="21 Nov 2019 09:07:33 GMT" time="1.296" errors="0">
  <testcase name="updatePet" time="1.296" classname="com.epam.put.PutTests"/>
</testsuite> <!-- com.epam.put.PutTests -->
